# JRE version: Java(TM) SE Runtime Environment (17.0.12+8) (build 17.0.12+8-LTS-286)
# Java VM: Java HotSpot(TM) 64-Bit Server VM (17.0.12+8-LTS-286, mixed mode, emulated-client, sharing, tiered, compressed oops, compressed class ptrs, g1 gc, windows-amd64)
GC Precious Log:
 CPUs: 8 total, 8 available
 Memory: 16167M
 Large Page Support: Disabled
 NUMA Support: Disabled
 Compressed Oops: Enabled (Zero based)
 Heap Region Size: 2M
 Heap Min Capacity: 8M
 Heap Initial Capacity: 254M
 Heap Max Capacity: 4042M
 Pre-touch: Disabled
 Parallel Workers: 8
 Concurrent Workers: 2
 Concurrent Refinement Workers: 8
 Periodic GC: Disabled
Heap:
 garbage-first heap   total 83968K, used 40632K [0x0000000703600000, 0x0000000800000000)
  region size 2048K, 3 young (6144K), 1 survivors (2048K)
 Metaspace       used 69639K, committed 70208K, reserved 1114112K
  class space    used 9517K, committed 9792K, reserved 1048576K
GC Heap History (20 events):
Event: 3.283 GC heap before
{Heap before GC invocations=8 (full 0):
 garbage-first heap   total 69632K, used 45855K [0x0000000703600000, 0x0000000800000000)
  region size 2048K, 15 young (30720K), 2 survivors (4096K)
 Metaspace       used 33907K, committed 34304K, reserved 1114112K
  class space    used 4474K, committed 4672K, reserved 1048576K
}
Event: 3.289 GC heap after
{Heap after GC invocations=9 (full 0):
 garbage-first heap   total 69632K, used 23014K [0x0000000703600000, 0x0000000800000000)
  region size 2048K, 2 young (4096K), 2 survivors (4096K)
 Metaspace       used 33907K, committed 34304K, reserved 1114112K
  class space    used 4474K, committed 4672K, reserved 1048576K
}
Event: 3.513 GC heap before
{Heap before GC invocations=9 (full 0):
 garbage-first heap   total 69632K, used 39398K [0x0000000703600000, 0x0000000800000000)
  region size 2048K, 11 young (22528K), 2 survivors (4096K)
 Metaspace       used 35652K, committed 35968K, reserved 1114112K
  class space    used 4709K, committed 4864K, reserved 1048576K
}
Event: 3.517 GC heap after
{Heap after GC invocations=10 (full 0):
 garbage-first heap   total 83968K, used 23896K [0x0000000703600000, 0x0000000800000000)
  region size 2048K, 2 young (4096K), 2 survivors (4096K)
 Metaspace       used 35652K, committed 35968K, reserved 1114112K
  class space    used 4709K, committed 4864K, reserved 1048576K
}
Event: 3.993 GC heap before
{Heap before GC invocations=11 (full 0):
 garbage-first heap   total 83968K, used 60760K [0x0000000703600000, 0x0000000800000000)
  region size 2048K, 20 young (40960K), 2 survivors (4096K)
 Metaspace       used 39938K, committed 40448K, reserved 1114112K
  class space    used 5443K, committed 5696K, reserved 1048576K
}
Event: 4.001 GC heap after
{Heap after GC invocations=12 (full 0):
 garbage-first heap   total 83968K, used 25851K [0x0000000703600000, 0x0000000800000000)
  region size 2048K, 3 young (6144K), 3 survivors (6144K)
 Metaspace       used 39938K, committed 40448K, reserved 1114112K
  class space    used 5443K, committed 5696K, reserved 1048576K
}
Event: 4.584 GC heap before
{Heap before GC invocations=12 (full 0):
 garbage-first heap   total 83968K, used 62715K [0x0000000703600000, 0x0000000800000000)
  region size 2048K, 21 young (43008K), 3 survivors (6144K)
 Metaspace       used 43723K, committed 44224K, reserved 1114112K
  class space    used 5977K, committed 6208K, reserved 1048576K
}
Event: 4.594 GC heap after
{Heap after GC invocations=13 (full 0):
 garbage-first heap   total 83968K, used 27927K [0x0000000703600000, 0x0000000800000000)
  region size 2048K, 3 young (6144K), 3 survivors (6144K)
 Metaspace       used 43723K, committed 44224K, reserved 1114112K
  class space    used 5977K, committed 6208K, reserved 1048576K
}
Event: 5.382 GC heap before
{Heap before GC invocations=13 (full 0):
 garbage-first heap   total 83968K, used 62743K [0x0000000703600000, 0x0000000800000000)
  region size 2048K, 20 young (40960K), 3 survivors (6144K)
 Metaspace       used 49061K, committed 49536K, reserved 1114112K
  class space    used 6680K, committed 6912K, reserved 1048576K
}
Event: 5.388 GC heap after
{Heap after GC invocations=14 (full 0):
 garbage-first heap   total 83968K, used 29610K [0x0000000703600000, 0x0000000800000000)
  region size 2048K, 2 young (4096K), 2 survivors (4096K)
 Metaspace       used 49061K, committed 49536K, reserved 1114112K
  class space    used 6680K, committed 6912K, reserved 1048576K
}
Event: 6.091 GC heap before
{Heap before GC invocations=14 (full 0):
 garbage-first heap   total 83968K, used 62378K [0x0000000703600000, 0x0000000800000000)
  region size 2048K, 18 young (36864K), 2 survivors (4096K)
 Metaspace       used 54280K, committed 54720K, reserved 1114112K
  class space    used 7278K, committed 7488K, reserved 1048576K
}
Event: 6.095 GC heap after
{Heap after GC invocations=15 (full 0):
 garbage-first heap   total 83968K, used 31328K [0x0000000703600000, 0x0000000800000000)
  region size 2048K, 2 young (4096K), 2 survivors (4096K)
 Metaspace       used 54280K, committed 54720K, reserved 1114112K
  class space    used 7278K, committed 7488K, reserved 1048576K
}
Event: 7.071 GC heap before
{Heap before GC invocations=15 (full 0):
 garbage-first heap   total 83968K, used 64096K [0x0000000703600000, 0x0000000800000000)
  region size 2048K, 18 young (36864K), 2 survivors (4096K)
 Metaspace       used 57672K, committed 58240K, reserved 1114112K
  class space    used 7724K, committed 8000K, reserved 1048576K
}
Event: 7.076 GC heap after
{Heap after GC invocations=16 (full 0):
 garbage-first heap   total 83968K, used 34144K [0x0000000703600000, 0x0000000800000000)
  region size 2048K, 3 young (6144K), 3 survivors (6144K)
 Metaspace       used 57672K, committed 58240K, reserved 1114112K
  class space    used 7724K, committed 8000K, reserved 1048576K
}
Event: 7.620 GC heap before
{Heap before GC invocations=16 (full 0):
 garbage-first heap   total 83968K, used 46432K [0x0000000703600000, 0x0000000800000000)
  region size 2048K, 10 young (20480K), 3 survivors (6144K)
 Metaspace       used 59845K, committed 60288K, reserved 1114112K
  class space    used 7973K, committed 8192K, reserved 1048576K
}
Event: 7.626 GC heap after
{Heap after GC invocations=17 (full 0):
 garbage-first heap   total 83968K, used 34843K [0x0000000703600000, 0x0000000800000000)
  region size 2048K, 2 young (4096K), 2 survivors (4096K)
 Metaspace       used 59845K, committed 60288K, reserved 1114112K
  class space    used 7973K, committed 8192K, reserved 1048576K
}
Event: 11.565 GC heap before
{Heap before GC invocations=18 (full 0):
 garbage-first heap   total 83968K, used 65563K [0x0000000703600000, 0x0000000800000000)
  region size 2048K, 17 young (34816K), 2 survivors (4096K)
 Metaspace       used 66150K, committed 66688K, reserved 1114112K
  class space    used 8797K, committed 9088K, reserved 1048576K
}
Event: 11.569 GC heap after
{Heap after GC invocations=19 (full 0):
 garbage-first heap   total 83968K, used 37261K [0x0000000703600000, 0x0000000800000000)
  region size 2048K, 2 young (4096K), 2 survivors (4096K)
 Metaspace       used 66150K, committed 66688K, reserved 1114112K
  class space    used 8797K, committed 9088K, reserved 1048576K
}
Event: 14.040 GC heap before
{Heap before GC invocations=19 (full 0):
 garbage-first heap   total 83968K, used 63885K [0x0000000703600000, 0x0000000800000000)
  region size 2048K, 15 young (30720K), 2 survivors (4096K)
 Metaspace       used 69348K, committed 69888K, reserved 1114112K
  class space    used 9477K, committed 9728K, reserved 1048576K
}
Event: 14.047 GC heap after
{Heap after GC invocations=20 (full 0):
 garbage-first heap   total 83968K, used 38584K [0x0000000703600000, 0x0000000800000000)
  region size 2048K, 1 young (2048K), 1 survivors (2048K)
 Metaspace       used 69348K, committed 69888K, reserved 1114112K
  class space    used 9477K, committed 9728K, reserved 1048576K
}

