# JRE version: Java(TM) SE Runtime Environment (17.0.12+8) (build 17.0.12+8-LTS-286)
# Java VM: Java HotSpot(TM) 64-Bit Server VM (17.0.12+8-LTS-286, mixed mode, emulated-client, sharing, tiered, compressed oops, compressed class ptrs, g1 gc, windows-amd64)
GC Precious Log:
 CPUs: 8 total, 8 available
 Memory: 16167M
 Large Page Support: Disabled
 NUMA Support: Disabled
 Compressed Oops: Enabled (Zero based)
 Heap Region Size: 2M
 Heap Min Capacity: 8M
 Heap Initial Capacity: 254M
 Heap Max Capacity: 4042M
 Pre-touch: Disabled
 Parallel Workers: 8
 Concurrent Workers: 2
 Concurrent Refinement Workers: 8
 Periodic GC: Disabled
Heap:
 garbage-first heap   total 86016K, used 38911K [0x0000000703600000, 0x0000000800000000)
  region size 2048K, 2 young (4096K), 2 survivors (4096K)
 Metaspace       used 72912K, committed 73472K, reserved 1114112K
  class space    used 10051K, committed 10304K, reserved 1048576K
GC Heap History (20 events):
Event: 4.814 GC heap after
{Heap after GC invocations=9 (full 0):
 garbage-first heap   total 86016K, used 23020K [0x0000000703600000, 0x0000000800000000)
  region size 2048K, 2 young (4096K), 2 survivors (4096K)
 Metaspace       used 34252K, committed 34624K, reserved 1114112K
  class space    used 4512K, committed 4672K, reserved 1048576K
}
Event: 4.962 GC heap before
{Heap before GC invocations=9 (full 0):
 garbage-first heap   total 86016K, used 35308K [0x0000000703600000, 0x0000000800000000)
  region size 2048K, 10 young (20480K), 2 survivors (4096K)
 Metaspace       used 35621K, committed 35968K, reserved 1114112K
  class space    used 4706K, committed 4864K, reserved 1048576K
}
Event: 4.969 GC heap after
{Heap after GC invocations=10 (full 0):
 garbage-first heap   total 86016K, used 23746K [0x0000000703600000, 0x0000000800000000)
  region size 2048K, 2 young (4096K), 2 survivors (4096K)
 Metaspace       used 35621K, committed 35968K, reserved 1114112K
  class space    used 4706K, committed 4864K, reserved 1048576K
}
Event: 5.554 GC heap before
{Heap before GC invocations=11 (full 0):
 garbage-first heap   total 86016K, used 62658K [0x0000000703600000, 0x0000000800000000)
  region size 2048K, 21 young (43008K), 2 survivors (4096K)
 Metaspace       used 40119K, committed 40640K, reserved 1114112K
  class space    used 5477K, committed 5696K, reserved 1048576K
}
Event: 5.562 GC heap after
{Heap after GC invocations=12 (full 0):
 garbage-first heap   total 86016K, used 25713K [0x0000000703600000, 0x0000000800000000)
  region size 2048K, 3 young (6144K), 3 survivors (6144K)
 Metaspace       used 40119K, committed 40640K, reserved 1114112K
  class space    used 5477K, committed 5696K, reserved 1048576K
}
Event: 5.994 GC heap before
{Heap before GC invocations=12 (full 0):
 garbage-first heap   total 86016K, used 60529K [0x0000000703600000, 0x0000000800000000)
  region size 2048K, 21 young (43008K), 3 survivors (6144K)
 Metaspace       used 43756K, committed 44224K, reserved 1114112K
  class space    used 5985K, committed 6208K, reserved 1048576K
}
Event: 6.002 GC heap after
{Heap after GC invocations=13 (full 0):
 garbage-first heap   total 86016K, used 27960K [0x0000000703600000, 0x0000000800000000)
  region size 2048K, 3 young (6144K), 3 survivors (6144K)
 Metaspace       used 43756K, committed 44224K, reserved 1114112K
  class space    used 5985K, committed 6208K, reserved 1048576K
}
Event: 6.470 GC heap before
{Heap before GC invocations=13 (full 0):
 garbage-first heap   total 86016K, used 62776K [0x0000000703600000, 0x0000000800000000)
  region size 2048K, 21 young (43008K), 3 survivors (6144K)
 Metaspace       used 49386K, committed 49792K, reserved 1114112K
  class space    used 6727K, committed 6912K, reserved 1048576K
}
Event: 6.473 GC heap after
{Heap after GC invocations=14 (full 0):
 garbage-first heap   total 86016K, used 29549K [0x0000000703600000, 0x0000000800000000)
  region size 2048K, 2 young (4096K), 2 survivors (4096K)
 Metaspace       used 49386K, committed 49792K, reserved 1114112K
  class space    used 6727K, committed 6912K, reserved 1048576K
}
Event: 7.050 GC heap before
{Heap before GC invocations=14 (full 0):
 garbage-first heap   total 86016K, used 62317K [0x0000000703600000, 0x0000000800000000)
  region size 2048K, 19 young (38912K), 2 survivors (4096K)
 Metaspace       used 54703K, committed 55232K, reserved 1114112K
  class space    used 7328K, committed 7552K, reserved 1048576K
}
Event: 7.053 GC heap after
{Heap after GC invocations=15 (full 0):
 garbage-first heap   total 86016K, used 31452K [0x0000000703600000, 0x0000000800000000)
  region size 2048K, 2 young (4096K), 2 survivors (4096K)
 Metaspace       used 54703K, committed 55232K, reserved 1114112K
  class space    used 7328K, committed 7552K, reserved 1048576K
}
Event: 9.470 GC heap before
{Heap before GC invocations=15 (full 0):
 garbage-first heap   total 86016K, used 64220K [0x0000000703600000, 0x0000000800000000)
  region size 2048K, 18 young (36864K), 2 survivors (4096K)
 Metaspace       used 59192K, committed 59776K, reserved 1114112K
  class space    used 7878K, committed 8128K, reserved 1048576K
}
Event: 9.473 GC heap after
{Heap after GC invocations=16 (full 0):
 garbage-first heap   total 86016K, used 34164K [0x0000000703600000, 0x0000000800000000)
  region size 2048K, 3 young (6144K), 3 survivors (6144K)
 Metaspace       used 59192K, committed 59776K, reserved 1114112K
  class space    used 7878K, committed 8128K, reserved 1048576K
}
Event: 9.500 GC heap before
{Heap before GC invocations=16 (full 0):
 garbage-first heap   total 86016K, used 34164K [0x0000000703600000, 0x0000000800000000)
  region size 2048K, 4 young (8192K), 3 survivors (6144K)
 Metaspace       used 59860K, committed 60288K, reserved 1114112K
  class space    used 7940K, committed 8128K, reserved 1048576K
}
Event: 9.502 GC heap after
{Heap after GC invocations=17 (full 0):
 garbage-first heap   total 86016K, used 34624K [0x0000000703600000, 0x0000000800000000)
  region size 2048K, 2 young (4096K), 2 survivors (4096K)
 Metaspace       used 59860K, committed 60288K, reserved 1114112K
  class space    used 7940K, committed 8128K, reserved 1048576K
}
Event: 11.800 GC heap before
{Heap before GC invocations=18 (full 0):
 garbage-first heap   total 86016K, used 65344K [0x0000000703600000, 0x0000000800000000)
  region size 2048K, 17 young (34816K), 2 survivors (4096K)
 Metaspace       used 65781K, committed 66368K, reserved 1114112K
  class space    used 8733K, committed 9024K, reserved 1048576K
}
Event: 11.803 GC heap after
{Heap after GC invocations=19 (full 0):
 garbage-first heap   total 86016K, used 36918K [0x0000000703600000, 0x0000000800000000)
  region size 2048K, 3 young (6144K), 3 survivors (6144K)
 Metaspace       used 65781K, committed 66368K, reserved 1114112K
  class space    used 8733K, committed 9024K, reserved 1048576K
}
Event: 12.080 GC heap before
{Heap before GC invocations=19 (full 0):
 garbage-first heap   total 86016K, used 65590K [0x0000000703600000, 0x0000000800000000)
  region size 2048K, 17 young (34816K), 3 survivors (6144K)
 Metaspace       used 69364K, committed 69952K, reserved 1114112K
  class space    used 9458K, committed 9728K, reserved 1048576K
}
Event: 12.083 GC heap after
{Heap after GC invocations=20 (full 0):
 garbage-first heap   total 86016K, used 38204K [0x0000000703600000, 0x0000000800000000)
  region size 2048K, 3 young (6144K), 3 survivors (6144K)
 Metaspace       used 69364K, committed 69952K, reserved 1114112K
  class space    used 9458K, committed 9728K, reserved 1048576K
}
Event: 12.319 GC heap before
{Heap before GC invocations=20 (full 0):
 garbage-first heap   total 86016K, used 64828K [0x0000000703600000, 0x0000000800000000)
  region size 2048K, 16 young (32768K), 3 survivors (6144K)
 Metaspace       used 72912K, committed 73472K, reserved 1114112K
  class space    used 10051K, committed 10304K, reserved 1048576K
}

